0 info it worked if it ends with ok
1 verbose cli [ 'node', '/usr/local/bin/npm', 'install', 'gulp' ]
2 info using npm@2.11.3
3 info using node@v0.12.7
4 verbose install initial load of /Users/ly/projects/StockAnalysis/package.json
5 verbose installManyTop reading scoped package data from /Users/ly/projects/StockAnalysis/node_modules/bootstrap-sass/package.json
6 verbose installManyTop reading scoped package data from /Users/ly/projects/StockAnalysis/node_modules/gulp/package.json
7 verbose installManyTop reading scoped package data from /Users/ly/projects/StockAnalysis/node_modules/laravel-elixir/package.json
8 verbose readDependencies loading dependencies from /Users/ly/projects/StockAnalysis/package.json
9 verbose install gulp is installed as 3.9.1
10 silly cache add args [ 'gulp', null ]
11 verbose cache add spec gulp
12 silly cache add parsed spec { raw: 'gulp',
12 silly cache add   scope: null,
12 silly cache add   name: 'gulp',
12 silly cache add   rawSpec: '',
12 silly cache add   spec: '*',
12 silly cache add   type: 'range' }
13 silly addNamed gulp@*
14 verbose addNamed "*" is a valid semver range for gulp
15 silly addNameRange { name: 'gulp', range: '*', hasData: false }
16 silly mapToRegistry name gulp
17 silly mapToRegistry using default registry
18 silly mapToRegistry registry https://registry.npmjs.org/
19 silly mapToRegistry uri https://registry.npmjs.org/gulp
20 verbose addNameRange registry:https://registry.npmjs.org/gulp not in flight; fetching
21 verbose get https://registry.npmjs.org/gulp not expired, no request
22 silly addNameRange number 2 { name: 'gulp', range: '*', hasData: true }
23 silly addNameRange versions [ 'gulp',
23 silly addNameRange   [ '0.0.1',
23 silly addNameRange     '0.0.2',
23 silly addNameRange     '0.0.3',
23 silly addNameRange     '0.0.4',
23 silly addNameRange     '0.0.5',
23 silly addNameRange     '0.0.7',
23 silly addNameRange     '0.0.8',
23 silly addNameRange     '0.0.9',
23 silly addNameRange     '0.1.0',
23 silly addNameRange     '0.2.0',
23 silly addNameRange     '1.0.0',
23 silly addNameRange     '1.1.0',
23 silly addNameRange     '1.2.0',
23 silly addNameRange     '1.2.1',
23 silly addNameRange     '2.0.0',
23 silly addNameRange     '2.0.1',
23 silly addNameRange     '2.1.0',
23 silly addNameRange     '2.2.0',
23 silly addNameRange     '2.3.0',
23 silly addNameRange     '2.4.0',
23 silly addNameRange     '2.4.1',
23 silly addNameRange     '2.6.0',
23 silly addNameRange     '2.6.1',
23 silly addNameRange     '2.7.0',
23 silly addNameRange     '3.0.0',
23 silly addNameRange     '3.1.1',
23 silly addNameRange     '3.1.2',
23 silly addNameRange     '3.1.3',
23 silly addNameRange     '3.1.4',
23 silly addNameRange     '3.2.0',
23 silly addNameRange     '3.2.1',
23 silly addNameRange     '3.2.2',
23 silly addNameRange     '3.2.3',
23 silly addNameRange     '3.2.4',
23 silly addNameRange     '3.2.5',
23 silly addNameRange     '3.3.0',
23 silly addNameRange     '3.3.1',
23 silly addNameRange     '3.3.2',
23 silly addNameRange     '3.3.4',
23 silly addNameRange     '3.4.0',
23 silly addNameRange     '3.5.0',
23 silly addNameRange     '3.5.1',
23 silly addNameRange     '3.5.2',
23 silly addNameRange     '3.5.5',
23 silly addNameRange     '3.5.6',
23 silly addNameRange     '3.6.0',
23 silly addNameRange     '3.6.1',
23 silly addNameRange     '3.6.2',
23 silly addNameRange     '3.7.0',
23 silly addNameRange     '3.8.0',
23 silly addNameRange     '3.8.1',
23 silly addNameRange     '3.8.2',
23 silly addNameRange     '3.8.3',
23 silly addNameRange     '3.8.4',
23 silly addNameRange     '3.8.5',
23 silly addNameRange     '3.8.6',
23 silly addNameRange     '3.8.7',
23 silly addNameRange     '3.8.8',
23 silly addNameRange     '3.8.9',
23 silly addNameRange     '3.8.10',
23 silly addNameRange     '3.8.11',
23 silly addNameRange     '3.9.0',
23 silly addNameRange     '3.9.1' ] ]
24 silly addNamed gulp@3.9.1
25 verbose addNamed "3.9.1" is a plain semver version for gulp
26 silly cache afterAdd gulp@3.9.1
27 verbose afterAdd /Users/ly/.npm/gulp/3.9.1/package/package.json not in flight; writing
28 verbose afterAdd /Users/ly/.npm/gulp/3.9.1/package/package.json written
29 silly install resolved [ { name: 'gulp',
29 silly install resolved     description: 'The streaming build system',
29 silly install resolved     version: '3.9.1',
29 silly install resolved     homepage: 'http://gulpjs.com',
29 silly install resolved     repository: { type: 'git', url: 'git+https://github.com/gulpjs/gulp.git' },
29 silly install resolved     author:
29 silly install resolved      { name: 'Fractal',
29 silly install resolved        email: 'contact@wearefractal.com',
29 silly install resolved        url: 'http://wearefractal.com/' },
29 silly install resolved     tags: [ 'build', 'stream', 'system', 'make', 'tool', 'asset', 'pipeline' ],
29 silly install resolved     files: [ 'index.js', 'lib', 'bin', 'completion', 'gulp.1' ],
29 silly install resolved     bin: { gulp: './bin/gulp.js' },
29 silly install resolved     man: [ 'gulp.1' ],
29 silly install resolved     dependencies:
29 silly install resolved      { archy: '^1.0.0',
29 silly install resolved        chalk: '^1.0.0',
29 silly install resolved        deprecated: '^0.0.1',
29 silly install resolved        'gulp-util': '^3.0.0',
29 silly install resolved        interpret: '^1.0.0',
29 silly install resolved        liftoff: '^2.1.0',
29 silly install resolved        minimist: '^1.1.0',
29 silly install resolved        orchestrator: '^0.3.0',
29 silly install resolved        'pretty-hrtime': '^1.0.0',
29 silly install resolved        semver: '^4.1.0',
29 silly install resolved        tildify: '^1.0.0',
29 silly install resolved        v8flags: '^2.0.2',
29 silly install resolved        'vinyl-fs': '^0.3.0' },
29 silly install resolved     devDependencies:
29 silly install resolved      { coveralls: '^2.7.0',
29 silly install resolved        eslint: '^1.7.3',
29 silly install resolved        'eslint-config-gulp': '^2.0.0',
29 silly install resolved        'graceful-fs': '^3.0.0',
29 silly install resolved        istanbul: '^0.3.0',
29 silly install resolved        jscs: '^2.3.5',
29 silly install resolved        'jscs-preset-gulp': '^1.0.0',
29 silly install resolved        'marked-man': '^0.1.3',
29 silly install resolved        mkdirp: '^0.5.0',
29 silly install resolved        mocha: '^2.0.1',
29 silly install resolved        'mocha-lcov-reporter': '^0.0.1',
29 silly install resolved        q: '^1.0.0',
29 silly install resolved        rimraf: '^2.2.5',
29 silly install resolved        should: '^5.0.1' },
29 silly install resolved     scripts:
29 silly install resolved      { prepublish: 'marked-man --name gulp docs/CLI.md > gulp.1',
29 silly install resolved        lint: 'eslint . && jscs *.js bin/ lib/ test/',
29 silly install resolved        pretest: 'npm run lint',
29 silly install resolved        test: 'mocha --reporter spec',
29 silly install resolved        coveralls: 'istanbul cover _mocha --report lcovonly -- -R spec && cat ./coverage/lcov.info | coveralls && rm -rf ./coverage' },
29 silly install resolved     engines: { node: '>= 0.9' },
29 silly install resolved     license: 'MIT',
29 silly install resolved     gitHead: '9c14e3a13a73a32e424f144d62566671b2fcdbed',
29 silly install resolved     bugs: { url: 'https://github.com/gulpjs/gulp/issues' },
29 silly install resolved     _id: 'gulp@3.9.1',
29 silly install resolved     _shasum: '571ce45928dd40af6514fc4011866016c13845b4',
29 silly install resolved     _from: 'gulp@*',
29 silly install resolved     _npmVersion: '2.14.14',
29 silly install resolved     _nodeVersion: '0.10.41',
29 silly install resolved     _npmUser: { name: 'phated', email: 'blaine@iceddev.com' },
29 silly install resolved     maintainers: [ [Object], [Object] ],
29 silly install resolved     dist:
29 silly install resolved      { shasum: '571ce45928dd40af6514fc4011866016c13845b4',
29 silly install resolved        tarball: 'https://registry.npmjs.org/gulp/-/gulp-3.9.1.tgz' },
29 silly install resolved     _npmOperationalInternal:
29 silly install resolved      { host: 'packages-6-west.internal.npmjs.com',
29 silly install resolved        tmp: 'tmp/gulp-3.9.1.tgz_1454957415500_0.15343931876122952' },
29 silly install resolved     directories: {},
29 silly install resolved     _resolved: 'https://registry.npmjs.org/gulp/-/gulp-3.9.1.tgz',
29 silly install resolved     readme: 'ERROR: No README data found!' } ]
30 info install gulp@3.9.1 into /Users/ly/projects/StockAnalysis
31 info installOne gulp@3.9.1
32 verbose installOne of gulp to /Users/ly/projects/StockAnalysis not in flight; installing
33 verbose lock using /Users/ly/.npm/_locks/gulp-4f117c6df99d97ea.lock for /Users/ly/projects/StockAnalysis/node_modules/gulp
34 silly install write writing gulp 3.9.1 to /Users/ly/projects/StockAnalysis/node_modules/gulp
35 verbose unbuild node_modules/gulp
36 info preuninstall gulp@3.9.1
37 info uninstall gulp@3.9.1
38 verbose unbuild rmStuff gulp@3.9.1 from /Users/ly/projects/StockAnalysis/node_modules
39 silly gentlyRm /Users/ly/projects/StockAnalysis/node_modules/.bin/gulp is being gently removed
40 silly gentlyRm verifying /Users/ly/projects/StockAnalysis is an npm working directory
41 silly gentlyRm containing path /Users/ly/projects/StockAnalysis is under npm's control, in /Users/ly/projects/StockAnalysis
42 silly gentlyRm deletion target /Users/ly/projects/StockAnalysis/node_modules/.bin/gulp is under /Users/ly/projects/StockAnalysis
43 verbose gentlyRm vacuuming from /Users/ly/projects/StockAnalysis/node_modules/.bin/gulp up to /Users/ly/projects/StockAnalysis
44 silly vacuum-fs removing /Users/ly/projects/StockAnalysis/node_modules/.bin/gulp
45 verbose unlock done using /Users/ly/.npm/_locks/gulp-4f117c6df99d97ea.lock for /Users/ly/projects/StockAnalysis/node_modules/gulp
46 verbose stack Error: EACCES, unlink '/Users/ly/projects/StockAnalysis/node_modules/.bin/gulp'
46 verbose stack     at Error (native)
47 verbose cwd /Users/ly/projects/StockAnalysis
48 error Darwin 14.5.0
49 error argv "node" "/usr/local/bin/npm" "install" "gulp"
50 error node v0.12.7
51 error npm  v2.11.3
52 error path /Users/ly/projects/StockAnalysis/node_modules/.bin/gulp
53 error code EACCES
54 error errno -13
55 error Error: EACCES, unlink '/Users/ly/projects/StockAnalysis/node_modules/.bin/gulp'
55 error     at Error (native)
55 error  { [Error: EACCES, unlink '/Users/ly/projects/StockAnalysis/node_modules/.bin/gulp']
55 error   errno: -13,
55 error   code: 'EACCES',
55 error   path: '/Users/ly/projects/StockAnalysis/node_modules/.bin/gulp' }
56 error Please try running this command again as root/Administrator.
57 verbose exit [ -13, true ]
58 verbose unbuild node_modules/gulp
59 info preuninstall gulp@3.9.1
60 info uninstall gulp@3.9.1
61 verbose unbuild rmStuff gulp@3.9.1 from /Users/ly/projects/StockAnalysis/node_modules
62 silly gentlyRm /Users/ly/projects/StockAnalysis/node_modules/.bin/gulp is being gently removed
63 silly gentlyRm verifying /Users/ly/projects/StockAnalysis is an npm working directory
64 silly gentlyRm containing path /Users/ly/projects/StockAnalysis is under npm's control, in /Users/ly/projects/StockAnalysis
65 silly gentlyRm deletion target /Users/ly/projects/StockAnalysis/node_modules/.bin/gulp is under /Users/ly/projects/StockAnalysis
66 verbose gentlyRm vacuuming from /Users/ly/projects/StockAnalysis/node_modules/.bin/gulp up to /Users/ly/projects/StockAnalysis
67 silly vacuum-fs removing /Users/ly/projects/StockAnalysis/node_modules/.bin/gulp
68 error error rolling back Error: EACCES, unlink '/Users/ly/projects/StockAnalysis/node_modules/.bin/gulp'
68 error error rolling back     at Error (native)
68 error error rolling back  { [Error: EACCES, unlink '/Users/ly/projects/StockAnalysis/node_modules/.bin/gulp']
68 error error rolling back   errno: -13,
68 error error rolling back   code: 'EACCES',
68 error error rolling back   path: '/Users/ly/projects/StockAnalysis/node_modules/.bin/gulp' }
